#
# There is insufficient memory for the Java Runtime Environment to continue.
# Native memory allocation (malloc) failed to allocate 32744 bytes. Error detail: Chunk::new
# Possible reasons:
#   The system is out of physical RAM or swap space
#   This process is running with CompressedOops enabled, and the Java Heap may be blocking the growth of the native heap
# Possible solutions:
#   Reduce memory load on the system
#   Increase physical memory or swap space
#   Check if swap backing store is full
#   Decrease Java heap size (-Xmx/-Xms)
#   Decrease number of Java threads
#   Decrease Java thread stack sizes (-Xss)
#   Set larger code cache with -XX:ReservedCodeCacheSize=
#   JVM is running with Unscaled Compressed Oops mode in which the Java heap is
#     placed in the first 4GB address space. The Java Heap base address is the
#     maximum limit for the native heap growth. Please use -XX:HeapBaseMinAddress
#     to set the Java Heap base and to place the Java Heap above 4GB virtual address.
# This output file may be truncated or incomplete.
#
#  Out of Memory Error (arena.cpp:162), pid=26968, tid=17020
#
# JRE version: Java(TM) SE Runtime Environment (24.0.1+9) (build 24.0.1+9-30)
# Java VM: Java HotSpot(TM) 64-Bit Server VM (24.0.1+9-30, mixed mode, sharing, tiered, compressed oops, compressed class ptrs, g1 gc, windows-amd64)
# No core dump will be written. Minidumps are not enabled by default on client versions of Windows
#

---------------  S U M M A R Y ------------

Command Line: -javaagent:C:\Users\BADRIP~1\AppData\Local\Temp\captureAgent9jars\debugger-agent.jar=file:///C:/Users/BADRIP~1/AppData/Local/Temp/capture5991179467875109989.props -ea -Didea.test.cyclic.buffer.size=1048576 -javaagent:C:\Program Files\JetBrains\IntelliJ IDEA Community Edition 2025.1.3\lib\idea_rt.jar=60241 -Dkotlinx.coroutines.debug.enable.creation.stack.trace=false -Ddebugger.agent.enable.coroutines=true -Dkotlinx.coroutines.debug.enable.flows.stack.trace=true -Dkotlinx.coroutines.debug.enable.mutable.state.flows.stack.trace=true -Dfile.encoding=UTF-8 -Dsun.stdout.encoding=UTF-8 -Dsun.stderr.encoding=UTF-8 com.intellij.rt.testng.RemoteTestNGStarter -usedefaultlisteners false -socket60240 @w@C:\Users\BADRIP~1\AppData\Local\Temp\idea_working_dirs_testng.tmp -temp C:\Users\BADRIP~1\AppData\Local\Temp\idea_testng.tmp

Host: 11th Gen Intel(R) Core(TM) i3-1115G4 @ 3.00GHz, 4 cores, 7G,  Windows 11 , 64 bit Build 26100 (10.0.26100.4484)
Time: Wed Jul 30 11:41:18 2025 India Standard Time elapsed time: 11.698047 seconds (0d 0h 0m 11s)

---------------  T H R E A D  ---------------

Current thread (0x000002747fe27790):  JavaThread "C2 CompilerThread0" daemon [_thread_in_native, id=17020, stack(0x000000d65c900000,0x000000d65ca00000) (1024K)]


Current CompileTask:
C2:11698 3159       4       jdk.internal.loader.URLClassPath::getResource (71 bytes)

Stack: [0x000000d65c900000,0x000000d65ca00000]
Native frames: (J=compiled Java code, j=interpreted, Vv=VM code, C=native code)
V  [jvm.dll+0x730739]  (no source info available)
V  [jvm.dll+0x8d9b23]  (no source info available)
V  [jvm.dll+0x8dc00d]  (no source info available)
V  [jvm.dll+0x8dc683]  (no source info available)
V  [jvm.dll+0x2aa086]  (no source info available)
V  [jvm.dll+0xcedef]  (no source info available)
V  [jvm.dll+0xcf04f]  (no source info available)
V  [jvm.dll+0x651f10]  (no source info available)
V  [jvm.dll+0x64ceec]  (no source info available)
V  [jvm.dll+0x64ccaf]  (no source info available)
V  [jvm.dll+0x64be17]  (no source info available)
V  [jvm.dll+0x278334]  (no source info available)
V  [jvm.dll+0x270b6d]  (no source info available)
V  [jvm.dll+0x26e942]  (no source info available)
V  [jvm.dll+0x1e9d60]  (no source info available)
V  [jvm.dll+0x27e1fb]  (no source info available)
V  [jvm.dll+0x27c49a]  (no source info available)
V  [jvm.dll+0x42f456]  (no source info available)
V  [jvm.dll+0x87d76b]  (no source info available)
V  [jvm.dll+0x72ee55]  (no source info available)
C  [ucrtbase.dll+0x37b0]  (no source info available)
C  [KERNEL32.DLL+0x2e8d7]  (no source info available)
C  [ntdll.dll+0x3c34c]  (no source info available)

Lock stack of current Java thread (top to bottom):


---------------  P R O C E S S  ---------------

Threads class SMR info:
_java_thread_list=0x0000027462854b60, length=32, elements={
0x000002747cc5fab0, 0x000002747fe1b880, 0x000002747fe1c3b0, 0x000002747fe20f10,
0x000002747fe21a40, 0x000002747fe25e00, 0x000002747fe26930, 0x000002747fe27790,
0x000002747fe3df60, 0x000002741b945fd0, 0x000002741b988a30, 0x000002741ba8d080,
0x000002741ba90690, 0x0000027461e00f20, 0x0000027461e01670, 0x0000027461dff930,
0x00000274624cddc0, 0x00000274624cd670, 0x00000274624cb930, 0x00000274624caa90,
0x00000274624cc080, 0x00000274624cb1e0, 0x0000027461739f40, 0x000002746173a690,
0x00000274617390a0, 0x0000027461738950, 0x0000027461737ab0, 0x0000027461738200,
0x000002746173bc80, 0x000002746173efb0, 0x000002746173e860, 0x000002746173c3d0
}

Java Threads: ( => current thread )
  0x000002747cc5fab0 JavaThread "Forwarding maximizeCurrentWindow on session d1d3318be0b8c8c22682dc7c2357ad7c to remote"        [_thread_blocked, id=21968, stack(0x000000d65bb00000,0x000000d65bc00000) (1024K)]
  0x000002747fe1b880 JavaThread "Reference Handler"          daemon [_thread_blocked, id=28096, stack(0x000000d65c300000,0x000000d65c400000) (1024K)]
  0x000002747fe1c3b0 JavaThread "Finalizer"                  daemon [_thread_blocked, id=23400, stack(0x000000d65c400000,0x000000d65c500000) (1024K)]
  0x000002747fe20f10 JavaThread "Signal Dispatcher"          daemon [_thread_blocked, id=28636, stack(0x000000d65c500000,0x000000d65c600000) (1024K)]
  0x000002747fe21a40 JavaThread "Attach Listener"            daemon [_thread_blocked, id=29176, stack(0x000000d65c600000,0x000000d65c700000) (1024K)]
  0x000002747fe25e00 JavaThread "Service Thread"             daemon [_thread_blocked, id=12064, stack(0x000000d65c700000,0x000000d65c800000) (1024K)]
  0x000002747fe26930 JavaThread "Monitor Deflation Thread"   daemon [_thread_blocked, id=19776, stack(0x000000d65c800000,0x000000d65c900000) (1024K)]
=>0x000002747fe27790 JavaThread "C2 CompilerThread0"         daemon [_thread_in_native, id=17020, stack(0x000000d65c900000,0x000000d65ca00000) (1024K)]
  0x000002747fe3df60 JavaThread "C1 CompilerThread0"         daemon [_thread_blocked, id=29452, stack(0x000000d65ca00000,0x000000d65cb00000) (1024K)]
  0x000002741b945fd0 JavaThread "Common-Cleaner"             daemon [_thread_blocked, id=21668, stack(0x000000d65cb00000,0x000000d65cc00000) (1024K)]
  0x000002741b988a30 JavaThread "IntelliJ Suspend Helper"    daemon [_thread_blocked, id=27408, stack(0x000000d65cc00000,0x000000d65cd00000) (1024K)]
  0x000002741ba8d080 JavaThread "Monitor Ctrl-Break"         daemon [_thread_in_native, id=9240, stack(0x000000d65cd00000,0x000000d65ce00000) (1024K)]
  0x000002741ba90690 JavaThread "Notification Thread"        daemon [_thread_blocked, id=25312, stack(0x000000d65ce00000,0x000000d65cf00000) (1024K)]
  0x0000027461e00f20 JavaThread "ForkJoinPool.commonPool-worker-1" daemon [_thread_blocked, id=25716, stack(0x000000d65d200000,0x000000d65d300000) (1024K)]
  0x0000027461e01670 JavaThread "ForkJoinPool.commonPool-worker-2" daemon [_thread_blocked, id=28552, stack(0x000000d65d300000,0x000000d65d400000) (1024K)]
  0x0000027461dff930 JavaThread "ForkJoinPool.commonPool-worker-3" daemon [_thread_blocked, id=7600, stack(0x000000d65d400000,0x000000d65d500000) (1024K)]
  0x00000274624cddc0 JavaThread "HttpClient-1-SelectorManager" daemon [_thread_in_native, id=24748, stack(0x000000d65d500000,0x000000d65d600000) (1024K)]
  0x00000274624cd670 JavaThread "External Process Output Forwarder - C:\Users\Badri Prasad\.cache\selenium\chromedriver\win64\138.0.7204.183\chromedriver.exe" daemon [_thread_in_native, id=1648, stack(0x000000d65d600000,0x000000d65d700000) (1024K)]
  0x00000274624cb930 JavaThread "Driver Service Executor"    daemon [_thread_blocked, id=28004, stack(0x000000d65d700000,0x000000d65d800000) (1024K)]
  0x00000274624caa90 JavaThread "Driver Service Executor"    daemon [_thread_in_native, id=24644, stack(0x000000d65d800000,0x000000d65d900000) (1024K)]
  0x00000274624cc080 JavaThread "UrlChecker-2"               daemon [_thread_blocked, id=16452, stack(0x000000d65d900000,0x000000d65da00000) (1024K)]
  0x00000274624cb1e0 JavaThread "Keep-Alive-Timer"           daemon [_thread_blocked, id=13396, stack(0x000000d65db00000,0x000000d65dc00000) (1024K)]
  0x0000027461739f40 JavaThread "JdkHttpClient-0-0"          daemon [_thread_blocked, id=21560, stack(0x000000d65dc00000,0x000000d65dd00000) (1024K)]
  0x000002746173a690 JavaThread "CompletableFutureDelayScheduler" daemon [_thread_blocked, id=27784, stack(0x000000d65dd00000,0x000000d65de00000) (1024K)]
  0x00000274617390a0 JavaThread "JdkHttpClient-0-1"          daemon [_thread_blocked, id=13996, stack(0x000000d65de00000,0x000000d65df00000) (1024K)]
  0x0000027461738950 JavaThread "JdkHttpClient-0-2"          daemon [_thread_blocked, id=22544, stack(0x000000d65df00000,0x000000d65e000000) (1024K)]
  0x0000027461737ab0 JavaThread "JdkHttpClient-0-3"          daemon [_thread_blocked, id=28908, stack(0x000000d65e000000,0x000000d65e100000) (1024K)]
  0x0000027461738200 JavaThread "HttpClient-2-SelectorManager" daemon [_thread_in_native, id=12928, stack(0x000000d65e100000,0x000000d65e200000) (1024K)]
  0x000002746173bc80 JavaThread "JdkHttpClient-1-0"          daemon [_thread_blocked, id=23856, stack(0x000000d65e200000,0x000000d65e300000) (1024K)]
  0x000002746173efb0 JavaThread "JdkHttpClient-1-1"          daemon [_thread_blocked, id=23440, stack(0x000000d65e300000,0x000000d65e400000) (1024K)]
  0x000002746173e860 JavaThread "JdkHttpClient-1-2"          daemon [_thread_blocked, id=21288, stack(0x000000d65e400000,0x000000d65e500000) (1024K)]
  0x000002746173c3d0 JavaThread "JdkHttpClient-1-3"          daemon [_thread_blocked, id=2288, stack(0x000000d65e500000,0x000000d65e600000) (1024K)]
Total: 32

Other Threads:
  0x000002747fe0c0d0 VMThread "VM Thread"                           [id=27680, stack(0x000000d65c200000,0x000000d65c300000) (1024K)]
  0x000002747fdfb2f0 WatcherThread "VM Periodic Task Thread"        [id=9228, stack(0x000000d65c100000,0x000000d65c200000) (1024K)]
  0x000002747f012980 WorkerThread "GC Thread#0"                     [id=12788, stack(0x000000d65bc00000,0x000000d65bd00000) (1024K)]
  0x0000027461da9970 WorkerThread "GC Thread#1"                     [id=21484, stack(0x000000d65cf00000,0x000000d65d000000) (1024K)]
  0x0000027461e3e540 WorkerThread "GC Thread#2"                     [id=28996, stack(0x000000d65d000000,0x000000d65d100000) (1024K)]
  0x0000027461df9500 WorkerThread "GC Thread#3"                     [id=18808, stack(0x000000d65d100000,0x000000d65d200000) (1024K)]
  0x000002747f0276a0 ConcurrentGCThread "G1 Main Marker"            [id=14572, stack(0x000000d65bd00000,0x000000d65be00000) (1024K)]
  0x000002747f0280c0 WorkerThread "G1 Conc#0"                       [id=12892, stack(0x000000d65be00000,0x000000d65bf00000) (1024K)]
  0x000002747f06e3d0 ConcurrentGCThread "G1 Refine#0"               [id=23964, stack(0x000000d65bf00000,0x000000d65c000000) (1024K)]
  0x000002747fccb130 ConcurrentGCThread "G1 Service"                [id=19600, stack(0x000000d65c000000,0x000000d65c100000) (1024K)]
Total: 10

Threads with active compile tasks:
C2 CompilerThread0  11849 3159       4       jdk.internal.loader.URLClassPath::getResource (71 bytes)
Total: 1

VM state: not at safepoint (normal execution)

VM Mutex/Monitor currently owned by a thread: None

Heap address: 0x0000000084200000, size: 1982 MB, Compressed Oops mode: 32-bit

CDS archive(s) mapped at: [0x000002741c000000-0x000002741cd40000-0x000002741cd40000), size 13893632, SharedBaseAddress: 0x000002741c000000, ArchiveRelocationMode: 1.
Compressed class space mapped at: 0x000002741d000000-0x000002745d000000, reserved size: 1073741824
UseCompressedClassPointers 1, UseCompactObjectHeaders 0
Narrow klass pointer bits 32, Max shift 3
Narrow klass base: 0x000002741c000000, Narrow klass shift: 0
Encoding Range: [0x000002741c000000 - 0x000002751c000000), (4294967296 bytes)
Klass Range:    [0x000002741c000000 - 0x000002745d000000), (1090519040 bytes)
Klass ID Range:  [8 - 1090519033) (1090519025)

GC Precious Log:
 CardTable entry size: 512
 Card Set container configuration: InlinePtr #cards 5 size 8 Array Of Cards #cards 10 size 36 Howl #buckets 4 coarsen threshold 1843 Howl Bitmap #cards 512 size 80 coarsen threshold 460 Card regions per heap region 1 cards per card region 2048
 CPUs: 4 total, 4 available
 Memory: 7926M
 Large Page Support: Disabled
 NUMA Support: Disabled
 Compressed Oops: Enabled (32-bit)
 Heap Region Size: 1M
 Heap Min Capacity: 8M
 Heap Initial Capacity: 124M
 Heap Max Capacity: 1982M
 Pre-touch: Disabled
 Parallel Workers: 4
 Concurrent Workers: 1
 Concurrent Refinement Workers: 4
 Periodic GC: Disabled

Heap:
 garbage-first heap   total reserved 2029568K, committed 65536K, used 29956K [0x0000000084200000, 0x0000000100000000)
  region size 1024K, 16 young (16384K), 2 survivors (2048K)
 Metaspace       used 23216K, committed 23616K, reserved 1114112K
  class space    used 2181K, committed 2368K, reserved 1048576K

Heap Regions: E=young(eden), S=young(survivor), O=old, HS=humongous(starts), HC=humongous(continues), CS=collection set, F=free, TAMS=top-at-mark-start, PB=parsable bottom
|   0|0x0000000084200000, 0x0000000084300000, 0x0000000084300000|100%|HS|  |TAMS 0x0000000084200000| PB 0x0000000084200000| Complete |  0
|   1|0x0000000084300000, 0x0000000084400000, 0x0000000084400000|100%|HS|  |TAMS 0x0000000084300000| PB 0x0000000084300000| Complete |  0
|   2|0x0000000084400000, 0x0000000084500000, 0x0000000084500000|100%| O|  |TAMS 0x0000000084400000| PB 0x0000000084400000| Untracked |  0
|   3|0x0000000084500000, 0x0000000084600000, 0x0000000084600000|100%| O|  |TAMS 0x0000000084500000| PB 0x0000000084500000| Untracked |  0
|   4|0x0000000084600000, 0x0000000084700000, 0x0000000084700000|100%| O|  |TAMS 0x0000000084600000| PB 0x0000000084600000| Untracked |  0
|   5|0x0000000084700000, 0x0000000084800000, 0x0000000084800000|100%| O|  |TAMS 0x0000000084700000| PB 0x0000000084700000| Untracked |  0
|   6|0x0000000084800000, 0x0000000084900000, 0x0000000084900000|100%| O|  |TAMS 0x0000000084800000| PB 0x0000000084800000| Untracked |  0
|   7|0x0000000084900000, 0x0000000084a00000, 0x0000000084a00000|100%| O|  |TAMS 0x0000000084900000| PB 0x0000000084900000| Untracked |  0
|   8|0x0000000084a00000, 0x0000000084b00000, 0x0000000084b00000|100%| O|  |TAMS 0x0000000084a00000| PB 0x0000000084a00000| Untracked |  0
|   9|0x0000000084b00000, 0x0000000084c00000, 0x0000000084c00000|100%| O|  |TAMS 0x0000000084b00000| PB 0x0000000084b00000| Untracked |  0
|  10|0x0000000084c00000, 0x0000000084d00000, 0x0000000084d00000|100%| O|  |TAMS 0x0000000084c00000| PB 0x0000000084c00000| Untracked |  0
|  11|0x0000000084d00000, 0x0000000084e00000, 0x0000000084e00000|100%| O|  |TAMS 0x0000000084d00000| PB 0x0000000084d00000| Untracked |  0
|  12|0x0000000084e00000, 0x0000000084f00000, 0x0000000084f00000|100%| O|  |TAMS 0x0000000084e00000| PB 0x0000000084e00000| Untracked |  0
|  13|0x0000000084f00000, 0x0000000085000000, 0x0000000085000000|100%| O|  |TAMS 0x0000000084f00000| PB 0x0000000084f00000| Untracked |  0
|  14|0x0000000085000000, 0x00000000850583d0, 0x0000000085100000| 34%| O|  |TAMS 0x0000000085000000| PB 0x0000000085000000| Untracked |  0
|  15|0x0000000085100000, 0x0000000085100000, 0x0000000085200000|  0%| F|  |TAMS 0x0000000085100000| PB 0x0000000085100000| Untracked |  0
|  16|0x0000000085200000, 0x0000000085200000, 0x0000000085300000|  0%| F|  |TAMS 0x0000000085200000| PB 0x0000000085200000| Untracked |  0
|  17|0x0000000085300000, 0x0000000085300000, 0x0000000085400000|  0%| F|  |TAMS 0x0000000085300000| PB 0x0000000085300000| Untracked |  0
|  18|0x0000000085400000, 0x0000000085400000, 0x0000000085500000|  0%| F|  |TAMS 0x0000000085400000| PB 0x0000000085400000| Untracked |  0
|  19|0x0000000085500000, 0x0000000085500000, 0x0000000085600000|  0%| F|  |TAMS 0x0000000085500000| PB 0x0000000085500000| Untracked |  0
|  20|0x0000000085600000, 0x0000000085600000, 0x0000000085700000|  0%| F|  |TAMS 0x0000000085600000| PB 0x0000000085600000| Untracked |  0
|  21|0x0000000085700000, 0x0000000085700000, 0x0000000085800000|  0%| F|  |TAMS 0x0000000085700000| PB 0x0000000085700000| Untracked |  0
|  22|0x0000000085800000, 0x0000000085800000, 0x0000000085900000|  0%| F|  |TAMS 0x0000000085800000| PB 0x0000000085800000| Untracked |  0
|  23|0x0000000085900000, 0x0000000085900000, 0x0000000085a00000|  0%| F|  |TAMS 0x0000000085900000| PB 0x0000000085900000| Untracked |  0
|  24|0x0000000085a00000, 0x0000000085a00000, 0x0000000085b00000|  0%| F|  |TAMS 0x0000000085a00000| PB 0x0000000085a00000| Untracked |  0
|  25|0x0000000085b00000, 0x0000000085b00000, 0x0000000085c00000|  0%| F|  |TAMS 0x0000000085b00000| PB 0x0000000085b00000| Untracked |  0
|  26|0x0000000085c00000, 0x0000000085c00000, 0x0000000085d00000|  0%| F|  |TAMS 0x0000000085c00000| PB 0x0000000085c00000| Untracked |  0
|  27|0x0000000085d00000, 0x0000000085d00000, 0x0000000085e00000|  0%| F|  |TAMS 0x0000000085d00000| PB 0x0000000085d00000| Untracked |  0
|  28|0x0000000085e00000, 0x0000000085e00000, 0x0000000085f00000|  0%| F|  |TAMS 0x0000000085e00000| PB 0x0000000085e00000| Untracked |  0
|  29|0x0000000085f00000, 0x0000000085f00000, 0x0000000086000000|  0%| F|  |TAMS 0x0000000085f00000| PB 0x0000000085f00000| Untracked |  0
|  30|0x0000000086000000, 0x0000000086000000, 0x0000000086100000|  0%| F|  |TAMS 0x0000000086000000| PB 0x0000000086000000| Untracked |  0
|  31|0x0000000086100000, 0x0000000086100000, 0x0000000086200000|  0%| F|  |TAMS 0x0000000086100000| PB 0x0000000086100000| Untracked |  0
|  32|0x0000000086200000, 0x0000000086200000, 0x0000000086300000|  0%| F|  |TAMS 0x0000000086200000| PB 0x0000000086200000| Untracked |  0
|  33|0x0000000086300000, 0x0000000086300000, 0x0000000086400000|  0%| F|  |TAMS 0x0000000086300000| PB 0x0000000086300000| Untracked |  0
|  34|0x0000000086400000, 0x0000000086400000, 0x0000000086500000|  0%| F|  |TAMS 0x0000000086400000| PB 0x0000000086400000| Untracked |  0
|  35|0x0000000086500000, 0x0000000086500000, 0x0000000086600000|  0%| F|  |TAMS 0x0000000086500000| PB 0x0000000086500000| Untracked |  0
|  36|0x0000000086600000, 0x0000000086600000, 0x0000000086700000|  0%| F|  |TAMS 0x0000000086600000| PB 0x0000000086600000| Untracked |  0
|  37|0x0000000086700000, 0x0000000086700000, 0x0000000086800000|  0%| F|  |TAMS 0x0000000086700000| PB 0x0000000086700000| Untracked |  0
|  38|0x0000000086800000, 0x0000000086800000, 0x0000000086900000|  0%| F|  |TAMS 0x0000000086800000| PB 0x0000000086800000| Untracked |  0
|  39|0x0000000086900000, 0x0000000086900000, 0x0000000086a00000|  0%| F|  |TAMS 0x0000000086900000| PB 0x0000000086900000| Untracked |  0
|  40|0x0000000086a00000, 0x0000000086a00000, 0x0000000086b00000|  0%| F|  |TAMS 0x0000000086a00000| PB 0x0000000086a00000| Untracked |  0
|  41|0x0000000086b00000, 0x0000000086b00000, 0x0000000086c00000|  0%| F|  |TAMS 0x0000000086b00000| PB 0x0000000086b00000| Untracked |  0
|  42|0x0000000086c00000, 0x0000000086c00000, 0x0000000086d00000|  0%| F|  |TAMS 0x0000000086c00000| PB 0x0000000086c00000| Untracked |  0
|  43|0x0000000086d00000, 0x0000000086d00000, 0x0000000086e00000|  0%| F|  |TAMS 0x0000000086d00000| PB 0x0000000086d00000| Untracked |  0
|  44|0x0000000086e00000, 0x0000000086e00000, 0x0000000086f00000|  0%| F|  |TAMS 0x0000000086e00000| PB 0x0000000086e00000| Untracked |  0
|  45|0x0000000086f00000, 0x0000000086f00000, 0x0000000087000000|  0%| F|  |TAMS 0x0000000086f00000| PB 0x0000000086f00000| Untracked |  0
|  46|0x0000000087000000, 0x0000000087088020, 0x0000000087100000| 53%| E|  |TAMS 0x0000000087000000| PB 0x0000000087000000| Complete |  0
|  47|0x0000000087100000, 0x0000000087200000, 0x0000000087200000|100%| E|CS|TAMS 0x0000000087100000| PB 0x0000000087100000| Complete |  0
|  48|0x0000000087200000, 0x0000000087300000, 0x0000000087300000|100%| E|CS|TAMS 0x0000000087200000| PB 0x0000000087200000| Complete |  0
|  49|0x0000000087300000, 0x0000000087400000, 0x0000000087400000|100%| E|CS|TAMS 0x0000000087300000| PB 0x0000000087300000| Complete |  0
|  50|0x0000000087400000, 0x0000000087500000, 0x0000000087500000|100%| E|CS|TAMS 0x0000000087400000| PB 0x0000000087400000| Complete |  0
|  51|0x0000000087500000, 0x0000000087600000, 0x0000000087600000|100%| E|CS|TAMS 0x0000000087500000| PB 0x0000000087500000| Complete |  0
|  52|0x0000000087600000, 0x0000000087700000, 0x0000000087700000|100%| E|CS|TAMS 0x0000000087600000| PB 0x0000000087600000| Complete |  0
|  53|0x0000000087700000, 0x0000000087800000, 0x0000000087800000|100%| E|CS|TAMS 0x0000000087700000| PB 0x0000000087700000| Complete |  0
|  54|0x0000000087800000, 0x0000000087900000, 0x0000000087900000|100%| E|CS|TAMS 0x0000000087800000| PB 0x0000000087800000| Complete |  0
|  55|0x0000000087900000, 0x0000000087a00000, 0x0000000087a00000|100%| E|CS|TAMS 0x0000000087900000| PB 0x0000000087900000| Complete |  0
|  56|0x0000000087a00000, 0x0000000087b00000, 0x0000000087b00000|100%| E|  |TAMS 0x0000000087a00000| PB 0x0000000087a00000| Complete |  0
|  57|0x0000000087b00000, 0x0000000087c00000, 0x0000000087c00000|100%| E|CS|TAMS 0x0000000087b00000| PB 0x0000000087b00000| Complete |  0
| 102|0x000000008a800000, 0x000000008a8cbdd0, 0x000000008a900000| 79%| S|CS|TAMS 0x000000008a800000| PB 0x000000008a800000| Complete |  0
| 103|0x000000008a900000, 0x000000008aa00000, 0x000000008aa00000|100%| S|CS|TAMS 0x000000008a900000| PB 0x000000008a900000| Complete |  0
| 122|0x000000008bc00000, 0x000000008bd00000, 0x000000008bd00000|100%| E|CS|TAMS 0x000000008bc00000| PB 0x000000008bc00000| Complete |  0
| 123|0x000000008bd00000, 0x000000008be00000, 0x000000008be00000|100%| E|CS|TAMS 0x000000008bd00000| PB 0x000000008bd00000| Complete |  0
|1980|0x00000000ffe00000, 0x00000000fff00000, 0x00000000fff00000|100%| O|  |TAMS 0x00000000ffe00000| PB 0x00000000ffe00000| Untracked |  0
|1981|0x00000000fff00000, 0x00000000fff1d1c0, 0x0000000100000000| 11%| O|Cm|TAMS 0x00000000fff00000| PB 0x00000000fff00000| Complete |  0

Card table byte_map: [0x000002747f450000,0x000002747f830000] _byte_map_base: 0x000002747f02f000

Marking Bits: (CMBitMap*) 0x000002747f012fa0
 Bits: [0x00000274177e0000, 0x00000274196d8000)

Polling page: 0x000002747e6e0000

Metaspace:

Usage:
  Non-class:     20.54 MB used.
      Class:      2.13 MB used.
       Both:     22.67 MB used.

Virtual space:
  Non-class space:       64.00 MB reserved,      20.75 MB ( 32%) committed,  1 nodes.
      Class space:        1.00 GB reserved,       2.31 MB ( <1%) committed,  1 nodes.
             Both:        1.06 GB reserved,      23.06 MB (  2%) committed. 

Chunk freelists:
   Non-Class:  11.16 MB
       Class:  13.73 MB
        Both:  24.89 MB

MaxMetaspaceSize: unlimited
CompressedClassSpaceSize: 1.00 GB
Initial GC threshold: 21.00 MB
Current GC threshold: 35.25 MB
CDS: on
 - commit_granule_bytes: 65536.
 - commit_granule_words: 8192.
 - virtual_space_node_default_size: 8388608.
 - enlarge_chunks_in_place: 1.
UseCompressedClassPointers 1, UseCompactObjectHeaders 0
Narrow klass pointer bits 32, Max shift 3
Narrow klass base: 0x000002741c000000, Narrow klass shift: 0
Encoding Range: [0x000002741c000000 - 0x000002751c000000), (4294967296 bytes)
Klass Range:    [0x000002741c000000 - 0x000002745d000000), (1090519040 bytes)
Klass ID Range:  [8 - 1090519033) (1090519025)


Internal statistics:

num_allocs_failed_limit: 3.
num_arena_births: 308.
num_arena_deaths: 2.
num_vsnodes_births: 2.
num_vsnodes_deaths: 0.
num_space_committed: 369.
num_space_uncommitted: 0.
num_chunks_returned_to_freelist: 6.
num_chunks_taken_from_freelist: 763.
num_chunk_merges: 3.
num_chunk_splits: 453.
num_chunks_enlarged: 273.
num_inconsistent_stats: 0.

CodeHeap 'non-profiled nmethods': size=120064Kb used=1083Kb max_used=1083Kb free=118980Kb
 bounds [0x00000274102a0000, 0x0000027410510000, 0x00000274177e0000]
CodeHeap 'profiled nmethods': size=120000Kb used=5563Kb max_used=5563Kb free=114436Kb
 bounds [0x00000274087e0000, 0x0000027408d50000, 0x000002740fd10000]
CodeHeap 'non-nmethods': size=5696Kb used=1582Kb max_used=1646Kb free=4113Kb
 bounds [0x000002740fd10000, 0x000002740ff80000, 0x00000274102a0000]
CodeCache: size=245760Kb, used=8228Kb, max_used=8292Kb, free=237529Kb
 total_blobs=3765, nmethods=3163, adapters=507, full_count=0
Compilation: enabled, stopped_count=0, restarted_count=0

Compilation events (20 events):
Event: 11.653 Thread 0x000002747fe27790 3153       4       java.lang.String::compareTo (63 bytes)
Event: 11.653 Thread 0x000002747fe3df60 nmethod 3157 0x0000027408d4cf08 code [0x0000027408d4d040, 0x0000027408d4d3b0]
Event: 11.653 Thread 0x000002747fe3df60 3158       3       java.util.TreeMap$PrivateEntryIterator::hasNext (13 bytes)
Event: 11.653 Thread 0x000002747fe3df60 nmethod 3158 0x0000027408d4d408 code [0x0000027408d4d520, 0x0000027408d4d678]
Event: 11.654 Thread 0x000002747fe27790 nmethod 3153 0x00000274103add88 code [0x00000274103ade80, 0x00000274103ae0c0]
Event: 11.654 Thread 0x000002747fe27790 3154       4       java.lang.StringLatin1::compareTo (14 bytes)
Event: 11.661 Thread 0x000002747fe27790 nmethod 3154 0x00000274103ae108 code [0x00000274103ae220, 0x00000274103ae518]
Event: 11.661 Thread 0x000002747fe27790 3152       4       java.util.Optional::orElse (16 bytes)
Event: 11.662 Thread 0x000002747fe27790 nmethod 3152 0x00000274103ae588 code [0x00000274103ae680, 0x00000274103ae708]
Event: 11.662 Thread 0x000002747fe27790 3159       4       jdk.internal.loader.URLClassPath::getResource (71 bytes)
Event: 11.685 Thread 0x000002747fe3df60 3160       1       java.util.TreeMap::size (5 bytes)
Event: 11.686 Thread 0x000002747fe3df60 nmethod 3160 0x00000274103ae888 code [0x00000274103ae980, 0x00000274103aea48]
Event: 11.686 Thread 0x000002747fe3df60 3161       3       java.util.concurrent.locks.ReentrantLock$NonfairSync::initialTryLock (58 bytes)
Event: 11.687 Thread 0x000002747fe3df60 nmethod 3161 0x0000027408d4d708 code [0x0000027408d4d860, 0x0000027408d4dec0]
Event: 11.688 Thread 0x000002747fe3df60 3162       3       java.util.concurrent.locks.ReentrantLock$Sync::lock (13 bytes)
Event: 11.688 Thread 0x000002747fe3df60 nmethod 3162 0x0000027408d4df08 code [0x0000027408d4e040, 0x0000027408d4e300]
Event: 11.688 Thread 0x000002747fe3df60 3163       3       java.util.concurrent.locks.ReentrantLock::lock (8 bytes)
Event: 11.688 Thread 0x000002747fe3df60 nmethod 3163 0x0000027408d4e388 code [0x0000027408d4e4c0, 0x0000027408d4e860]
Event: 11.690 Thread 0x000002747fe3df60 3164       3       java.util.TreeMap::get (19 bytes)
Event: 11.690 Thread 0x000002747fe3df60 nmethod 3164 0x0000027408d4e888 code [0x0000027408d4e9c0, 0x0000027408d4ebe8]

GC Heap History (6 events):
Event: 2.851 GC heap before
{Heap before GC invocations=0 (full 0):
 garbage-first heap   total reserved 2029568K, committed 129024K, used 32884K [0x0000000084200000, 0x0000000100000000)
  region size 1024K, 28 young (28672K), 0 survivors (0K)
 Metaspace       used 9612K, committed 9856K, reserved 1114112K
  class space    used 793K, committed 896K, reserved 1048576K
}
Event: 2.873 GC heap after
{Heap after GC invocations=1 (full 0):
 garbage-first heap   total reserved 2029568K, committed 129024K, used 7505K [0x0000000084200000, 0x0000000100000000)
  region size 1024K, 4 young (4096K), 4 survivors (4096K)
 Metaspace       used 9612K, committed 9856K, reserved 1114112K
  class space    used 793K, committed 896K, reserved 1048576K
}
Event: 5.639 GC heap before
{Heap before GC invocations=1 (full 0):
 garbage-first heap   total reserved 2029568K, committed 129024K, used 57681K [0x0000000084200000, 0x0000000100000000)
  region size 1024K, 54 young (55296K), 4 survivors (4096K)
 Metaspace       used 16386K, committed 16640K, reserved 1114112K
  class space    used 1348K, committed 1472K, reserved 1048576K
}
Event: 5.668 GC heap after
{Heap after GC invocations=2 (full 0):
 garbage-first heap   total reserved 2029568K, committed 129024K, used 15583K [0x0000000084200000, 0x0000000100000000)
  region size 1024K, 7 young (7168K), 7 survivors (7168K)
 Metaspace       used 16386K, committed 16640K, reserved 1114112K
  class space    used 1348K, committed 1472K, reserved 1048576K
}
Event: 6.764 GC heap before
{Heap before GC invocations=2 (full 0):
 garbage-first heap   total reserved 2029568K, committed 129024K, used 35039K [0x0000000084200000, 0x0000000100000000)
  region size 1024K, 27 young (27648K), 7 survivors (7168K)
 Metaspace       used 21205K, committed 21504K, reserved 1114112K
  class space    used 1918K, committed 2048K, reserved 1048576K
}
Event: 6.783 GC heap after
{Heap after GC invocations=3 (full 0):
 garbage-first heap   total reserved 2029568K, committed 129024K, used 17668K [0x0000000084200000, 0x0000000100000000)
  region size 1024K, 2 young (2048K), 2 survivors (2048K)
 Metaspace       used 21205K, committed 21504K, reserved 1114112K
  class space    used 1918K, committed 2048K, reserved 1048576K
}

Dll operation events (13 events):
Event: 0.072 Loaded shared library C:\Program Files\Java\jdk-24\bin\java.dll
Event: 0.078 Loaded shared library C:\Program Files\Java\jdk-24\bin\zip.dll
Event: 0.159 Loaded shared library C:\Program Files\Java\jdk-24\bin\jsvml.dll
Event: 0.737 Loaded shared library C:\Program Files\Java\jdk-24\bin\instrument.dll
Event: 0.878 Loaded shared library C:\Program Files\Java\jdk-24\bin\net.dll
Event: 0.882 Loaded shared library C:\Program Files\Java\jdk-24\bin\nio.dll
Event: 0.913 Loaded shared library C:\Program Files\Java\jdk-24\bin\zip.dll
Event: 0.966 Loaded shared library C:\Program Files\Java\jdk-24\bin\extnet.dll
Event: 1.434 Loaded shared library C:\Program Files\Java\jdk-24\bin\jimage.dll
Event: 4.633 Loaded shared library C:\Program Files\Java\jdk-24\bin\verify.dll
Event: 5.904 Loaded shared library C:\Program Files\Java\jdk-24\bin\management.dll
Event: 5.911 Loaded shared library C:\Program Files\Java\jdk-24\bin\management_ext.dll
Event: 6.216 Loaded shared library C:\Program Files\Java\jdk-24\bin\sunmscapi.dll

Deoptimization events (20 events):
Event: 6.440 Thread 0x000002747cc5fab0 Uncommon trap: trap_request=0xffffffd6 fr.pc=0x000002741038bd7c relative=0x00000000000001dc
Event: 6.440 Thread 0x000002747cc5fab0 Uncommon trap: reason=array_check action=maybe_recompile pc=0x000002741038bd7c method=java.util.Arrays.fill([Ljava/lang/Object;Ljava/lang/Object;)V @ 13 c2
Event: 6.440 Thread 0x000002747cc5fab0 DEOPT PACKING pc=0x000002741038bd7c sp=0x000000d65bbfb990
Event: 6.440 Thread 0x000002747cc5fab0 DEOPT UNPACKING pc=0x000002740fe36d82 sp=0x000000d65bbfb920 mode 2
Event: 6.604 Thread 0x00000274624cc080 Uncommon trap: trap_request=0xffffffde fr.pc=0x000002741034ae00 relative=0x0000000000000c20
Event: 6.604 Thread 0x00000274624cc080 Uncommon trap: reason=class_check action=maybe_recompile pc=0x000002741034ae00 method=java.io.BufferedInputStream.read([BII)I @ 100 c2
Event: 6.604 Thread 0x00000274624cc080 DEOPT PACKING pc=0x000002741034ae00 sp=0x000000d65d9ff090
Event: 6.604 Thread 0x00000274624cc080 DEOPT UNPACKING pc=0x000002740fe36d82 sp=0x000000d65d9ff068 mode 2
Event: 6.628 Thread 0x000002747cc5fab0 Uncommon trap: trap_request=0xffffff4d fr.pc=0x0000027410387554 relative=0x0000000000002eb4
Event: 6.628 Thread 0x000002747cc5fab0 Uncommon trap: reason=unstable_if action=reinterpret pc=0x0000027410387554 method=jdk.internal.classfile.impl.StackMapGenerator.processBlock(Ljdk/internal/classfile/impl/RawBytecodeHelper;)Z @ 56 c2
Event: 6.628 Thread 0x000002747cc5fab0 DEOPT PACKING pc=0x0000027410387554 sp=0x000000d65bbfaf60
Event: 6.628 Thread 0x000002747cc5fab0 DEOPT UNPACKING pc=0x000002740fe36d82 sp=0x000000d65bbfaed8 mode 2
Event: 11.235 Thread 0x000002747cc5fab0 Uncommon trap: trap_request=0xffffff4d fr.pc=0x00000274102fcdec relative=0x00000000000000cc
Event: 11.235 Thread 0x000002747cc5fab0 Uncommon trap: reason=unstable_if action=reinterpret pc=0x00000274102fcdec method=jdk.internal.classfile.impl.RawBytecodeHelper.next()Z @ 46 c2
Event: 11.235 Thread 0x000002747cc5fab0 DEOPT PACKING pc=0x00000274102fcdec sp=0x000000d65bbfbe20
Event: 11.235 Thread 0x000002747cc5fab0 DEOPT UNPACKING pc=0x000002740fe36d82 sp=0x000000d65bbfbda8 mode 2
Event: 11.282 Thread 0x000002747cc5fab0 Uncommon trap: trap_request=0xffffff6e fr.pc=0x00000274103a7568 relative=0x0000000000000268
Event: 11.282 Thread 0x000002747cc5fab0 Uncommon trap: reason=loop_limit_check action=maybe_recompile pc=0x00000274103a7568 method=java.math.BigInteger.implMulAdd([I[IIII)I @ 26 c2
Event: 11.282 Thread 0x000002747cc5fab0 DEOPT PACKING pc=0x00000274103a7568 sp=0x000000d65bbfa0a0
Event: 11.282 Thread 0x000002747cc5fab0 DEOPT UNPACKING pc=0x000002740fe36d82 sp=0x000000d65bbf9ff0 mode 2

Classes loaded (20 events):
Event: 11.643 Loading class org/openqa/selenium/PersistentCapabilities
Event: 11.643 Loading class org/openqa/selenium/PersistentCapabilities done
Event: 11.647 Loading class java/util/Spliterators$EmptySpliterator$OfRef
Event: 11.648 Loading class java/util/Spliterators$EmptySpliterator$OfRef done
Event: 11.649 Loading class org/openqa/selenium/PersistentCapabilities
Event: 11.649 Loading class org/openqa/selenium/PersistentCapabilities done
Event: 11.653 Loading class org/openqa/selenium/chromium/AddHasCasting$1
Event: 11.653 Loading class org/openqa/selenium/chromium/AddHasCasting$1 done
Event: 11.656 Loading class org/openqa/selenium/remote/ExecuteMethod
Event: 11.656 Loading class org/openqa/selenium/remote/ExecuteMethod done
Event: 11.656 Loading class org/openqa/selenium/remote/ExecuteMethod
Event: 11.656 Loading class org/openqa/selenium/remote/ExecuteMethod done
Event: 11.657 Loading class org/openqa/selenium/remote/RemoteWebDriver$RemoteWebDriverOptions
Event: 11.657 Loading class org/openqa/selenium/remote/RemoteWebDriver$RemoteWebDriverOptions done
Event: 11.666 Loading class org/openqa/selenium/WebDriver$Window
Event: 11.666 Loading class org/openqa/selenium/WebDriver$Window done
Event: 11.668 Loading class org/openqa/selenium/WebDriver$Timeouts
Event: 11.668 Loading class org/openqa/selenium/WebDriver$Timeouts done
Event: 11.669 Loading class org/openqa/selenium/remote/RemoteWebDriver$RemoteWebDriverOptions$RemoteWindow
Event: 11.669 Loading class org/openqa/selenium/remote/RemoteWebDriver$RemoteWebDriverOptions$RemoteWindow done

Classes unloaded (1 events):
Event: 6.812 Thread 0x000002747fe0c0d0 Unloading class 0x000002741d004000 'java/lang/invoke/LambdaForm$DMH+0x000002741d004000'

Classes redefined (1 events):
Event: 0.824 Thread 0x000002747fe0c0d0 redefined class name=java.lang.Throwable, count=1

Internal exceptions (20 events):
Event: 6.415 Thread 0x000002747cc5fab0 Exception <a 'java/lang/NoSuchMethodError'{0x000000008b1376d0}: 'java.lang.Object java.lang.invoke.DirectMethodHandle$Holder.invokeVirtual(java.lang.Object, java.lang.Object, java.lang.Object, java.lang.Object)'> (0x000000008b1376d0) 
thrown [s\open\src\hotspot\share\interpreter\linkResolver.cpp, line 805]
Event: 6.440 Thread 0x000002747cc5fab0 Exception <a 'java/lang/NoSuchMethodError'{0x000000008b14ddb0}: 'void java.lang.invoke.DirectMethodHandle$Holder.invokeStatic(java.lang.Object, long)'> (0x000000008b14ddb0) 
thrown [s\open\src\hotspot\share\interpreter\linkResolver.cpp, line 805]
Event: 6.441 Thread 0x000002747cc5fab0 Exception <a 'java/lang/NoSuchMethodError'{0x000000008b15c918}: 'java.lang.Object java.lang.invoke.DirectMethodHandle$Holder.newInvokeSpecial(java.lang.Object, long)'> (0x000000008b15c918) 
thrown [s\open\src\hotspot\share\interpreter\linkResolver.cpp, line 805]
Event: 6.443 Thread 0x000002747cc5fab0 Exception <a 'java/lang/NoSuchMethodError'{0x000000008b168588}: 'java.lang.Object java.lang.invoke.DirectMethodHandle$Holder.invokeStatic(java.lang.Object, long, java.lang.Object)'> (0x000000008b168588) 
thrown [s\open\src\hotspot\share\interpreter\linkResolver.cpp, line 805]
Event: 6.444 Thread 0x000002747cc5fab0 Exception <a 'java/lang/NoSuchMethodError'{0x000000008b1706c0}: 'java.lang.Object java.lang.invoke.DirectMethodHandle$Holder.invokeStaticInit(java.lang.Object, long, java.lang.Object)'> (0x000000008b1706c0) 
thrown [s\open\src\hotspot\share\interpreter\linkResolver.cpp, line 805]
Event: 6.509 Thread 0x00000274624cc080 Exception <a 'java/net/ConnectException'{0x000000008af27630}: Connection refused: getsockopt> (0x000000008af27630) 
thrown [s\open\src\hotspot\share\prims\jni.cpp, line 536]
Event: 6.522 Thread 0x00000274624cc080 Exception <a 'java/net/ConnectException'{0x000000008af2a100}: Connection refused: getsockopt> (0x000000008af2a100) 
thrown [s\open\src\hotspot\share\prims\jni.cpp, line 536]
Event: 6.545 Thread 0x00000274624cc080 Exception <a 'java/net/ConnectException'{0x000000008af2b080}: Connection refused: getsockopt> (0x000000008af2b080) 
thrown [s\open\src\hotspot\share\prims\jni.cpp, line 536]
Event: 6.628 Thread 0x000002747cc5fab0 Exception <a 'java/lang/NoSuchMethodError'{0x000000008afd45f8}: 'double java.lang.invoke.DirectMethodHandle$Holder.invokeVirtual(java.lang.Object, java.lang.Object)'> (0x000000008afd45f8) 
thrown [s\open\src\hotspot\share\interpreter\linkResolver.cpp, line 805]
Event: 6.630 Thread 0x000002747cc5fab0 Exception <a 'java/lang/NoSuchMethodError'{0x000000008afe40c8}: 'float java.lang.invoke.DirectMethodHandle$Holder.invokeVirtual(java.lang.Object, java.lang.Object)'> (0x000000008afe40c8) 
thrown [s\open\src\hotspot\share\interpreter\linkResolver.cpp, line 805]
Event: 6.631 Thread 0x000002747cc5fab0 Exception <a 'java/lang/NoSuchMethodError'{0x000000008affad80}: 'long java.lang.invoke.DirectMethodHandle$Holder.invokeVirtual(java.lang.Object, java.lang.Object)'> (0x000000008affad80) 
thrown [s\open\src\hotspot\share\interpreter\linkResolver.cpp, line 805]
Event: 6.707 Thread 0x000002747cc5fab0 Exception <a 'java/lang/NoSuchMethodError'{0x000000008ac3a3b0}: 'java.lang.Object java.lang.invoke.DirectMethodHandle$Holder.newInvokeSpecial(java.lang.Object, java.lang.Object, int, int)'> (0x000000008ac3a3b0) 
thrown [s\open\src\hotspot\share\interpreter\linkResolver.cpp, line 805]
Event: 6.712 Thread 0x000002747cc5fab0 Exception <a 'java/lang/NoSuchMethodError'{0x000000008ac55670}: 'void java.lang.invoke.DirectMethodHandle$Holder.invokeStatic(java.lang.Object, java.lang.Object, int)'> (0x000000008ac55670) 
thrown [s\open\src\hotspot\share\interpreter\linkResolver.cpp, line 805]
Event: 6.877 Thread 0x0000027461739f40 Exception <a 'java/lang/NoSuchMethodError'{0x0000000087b26ac8}: 'java.lang.Object java.lang.invoke.DirectMethodHandle$Holder.invokeSpecial(java.lang.Object, java.lang.Object, java.lang.Object, java.lang.Object, java.lang.Object, int)'> (0x0000000087b26ac8) 
thrown [s\open\src\hotspot\share\interpreter\linkResolver.cpp, line 805]
Event: 6.915 Thread 0x0000027461739f40 Exception <a 'java/lang/NoSuchMethodError'{0x0000000087a06898}: 'void java.lang.invoke.DirectMethodHandle$Holder.invokeSpecial(java.lang.Object, java.lang.Object, java.lang.Object, java.lang.Object, java.lang.Object)'> (0x0000000087a06898) 
thrown [s\open\src\hotspot\share\interpreter\linkResolver.cpp, line 805]
Event: 6.928 Thread 0x0000027461739f40 Exception <a 'java/lang/NoSuchMethodError'{0x0000000087a5e2e8}: 'long java.lang.invoke.DirectMethodHandle$Holder.invokeStatic(java.lang.Object, long, long)'> (0x0000000087a5e2e8) 
thrown [s\open\src\hotspot\share\interpreter\linkResolver.cpp, line 805]
Event: 6.935 Thread 0x00000274624cddc0 Exception <a 'java/lang/NoSuchMethodError'{0x000000008bcb3e78}: 'int java.lang.invoke.DirectMethodHandle$Holder.invokeStatic(java.lang.Object, int, java.lang.Object)'> (0x000000008bcb3e78) 
thrown [s\open\src\hotspot\share\interpreter\linkResolver.cpp, line 805]
Event: 6.937 Thread 0x00000274624cddc0 Exception <a 'java/lang/NoSuchMethodError'{0x000000008bcd2020}: 'java.lang.Object java.lang.invoke.DirectMethodHandle$Holder.newInvokeSpecial(java.lang.Object, java.lang.Object, int)'> (0x000000008bcd2020) 
thrown [s\open\src\hotspot\share\interpreter\linkResolver.cpp, line 805]
Event: 11.165 Thread 0x0000027461737ab0 Exception <a 'java/lang/NoSuchMethodError'{0x0000000087855c28}: 'void java.lang.invoke.DirectMethodHandle$Holder.invokeSpecial(java.lang.Object, java.lang.Object, java.lang.Object, java.lang.Object, java.lang.Object, java.lang.Object, java.lang.Object)'> (0x0000000087855c28) 
thrown [s\open\src\hotspot\share\interpreter\linkResolver.cpp, line 805]
Event: 11.392 Thread 0x000002747cc5fab0 Exception <a 'java/lang/NoSuchMethodError'{0x000000008751eb18}: 'java.lang.Object java.lang.invoke.DirectMethodHandle$Holder.invokeSpecialIFC(java.lang.Object, java.lang.Object, java.lang.Object)'> (0x000000008751eb18) 
thrown [s\open\src\hotspot\share\interpreter\linkResolver.cpp, line 805]

VM Operations (20 events):
Event: 5.639 Executing VM operation: G1CollectForAllocation (G1 Evacuation Pause)
Event: 5.668 Executing VM operation: G1CollectForAllocation (G1 Evacuation Pause) done
Event: 5.678 Executing VM operation: HandshakeAllThreads (Deoptimize)
Event: 5.678 Executing VM operation: HandshakeAllThreads (Deoptimize) done
Event: 6.101 Executing VM operation: HandshakeAllThreads (Deoptimize)
Event: 6.101 Executing VM operation: HandshakeAllThreads (Deoptimize) done
Event: 6.606 Executing VM operation: HandshakeAllThreads (Deoptimize)
Event: 6.606 Executing VM operation: HandshakeAllThreads (Deoptimize) done
Event: 6.763 Executing VM operation: CollectForMetadataAllocation (Metadata GC Threshold)
Event: 6.783 Executing VM operation: CollectForMetadataAllocation (Metadata GC Threshold) done
Event: 6.811 Executing VM operation: G1PauseRemark
Event: 6.823 Executing VM operation: G1PauseRemark done
Event: 6.841 Executing VM operation: G1PauseCleanup
Event: 6.841 Executing VM operation: G1PauseCleanup done
Event: 11.128 Executing VM operation: HandshakeAllThreads (Deoptimize)
Event: 11.128 Executing VM operation: HandshakeAllThreads (Deoptimize) done
Event: 11.244 Executing VM operation: HandshakeAllThreads (Deoptimize)
Event: 11.251 Executing VM operation: HandshakeAllThreads (Deoptimize) done
Event: 11.676 Executing VM operation: HandshakeAllThreads (Deoptimize)
Event: 11.676 Executing VM operation: HandshakeAllThreads (Deoptimize) done

Memory protections (0 events):
No events

Nmethod flushes (0 events):
No events

Events (20 events):
Event: 2.986 Thread 0x000002747cc5fab0 Thread added: 0x0000027461e01670
Event: 3.003 Thread 0x000002747cc5fab0 Thread added: 0x0000027461dff930
Event: 4.680 Thread 0x000002747fe3df60 Thread added: 0x0000027462207820
Event: 5.986 Thread 0x0000027462207820 Thread exited: 0x0000027462207820
Event: 6.339 Thread 0x000002747cc5fab0 Thread added: 0x00000274624cddc0
Event: 6.448 Thread 0x000002747cc5fab0 Thread added: 0x00000274624cd670
Event: 6.452 Thread 0x000002747cc5fab0 Thread added: 0x00000274624cb930
Event: 6.453 Thread 0x000002747cc5fab0 Thread added: 0x00000274624caa90
Event: 6.487 Thread 0x00000274624cb930 Thread added: 0x00000274624cc080
Event: 6.605 Thread 0x00000274624cc080 Thread added: 0x00000274624cb1e0
Event: 6.758 Thread 0x000002747cc5fab0 Thread added: 0x0000027461739f40
Event: 6.789 Thread 0x000002747cc5fab0 Thread added: 0x000002746173a690
Event: 6.940 Thread 0x00000274624cddc0 Thread added: 0x00000274617390a0
Event: 6.951 Thread 0x00000274624cddc0 Thread added: 0x0000027461738950
Event: 6.952 Thread 0x00000274624cddc0 Thread added: 0x0000027461737ab0
Event: 11.499 Thread 0x000002747cc5fab0 Thread added: 0x0000027461738200
Event: 11.500 Thread 0x000002747cc5fab0 Thread added: 0x000002746173bc80
Event: 11.514 Thread 0x0000027461738200 Thread added: 0x000002746173efb0
Event: 11.517 Thread 0x0000027461738200 Thread added: 0x000002746173e860
Event: 11.520 Thread 0x0000027461738200 Thread added: 0x000002746173c3d0


Dynamic libraries:
0x00007ff7d8d40000 - 0x00007ff7d8d50000 	C:\Program Files\Java\jdk-24\bin\java.exe
0x00007ffe753e0000 - 0x00007ffe75648000 	C:\WINDOWS\SYSTEM32\ntdll.dll
0x00007ffe74740000 - 0x00007ffe74809000 	C:\WINDOWS\System32\KERNEL32.DLL
0x00007ffe726b0000 - 0x00007ffe72a9d000 	C:\WINDOWS\System32\KERNELBASE.dll
0x00007ffe72ec0000 - 0x00007ffe7300b000 	C:\WINDOWS\System32\ucrtbase.dll
0x00007ffe6cc50000 - 0x00007ffe6cc66000 	C:\Program Files\Java\jdk-24\bin\jli.dll
0x00007ffe732d0000 - 0x00007ffe7349c000 	C:\WINDOWS\System32\USER32.dll
0x00007ffe72aa0000 - 0x00007ffe72ac7000 	C:\WINDOWS\System32\win32u.dll
0x00007ffe73540000 - 0x00007ffe7356b000 	C:\WINDOWS\System32\GDI32.dll
0x00007ffe72ad0000 - 0x00007ffe72c07000 	C:\WINDOWS\System32\gdi32full.dll
0x00007ffe730d0000 - 0x00007ffe73173000 	C:\WINDOWS\System32\msvcp_win.dll
0x00007ffe5e550000 - 0x00007ffe5e7ea000 	C:\WINDOWS\WinSxS\amd64_microsoft.windows.common-controls_6595b64144ccf1df_6.0.26100.4484_none_3e0e6d4ce32ef3b3\COMCTL32.dll
0x00007ffe75140000 - 0x00007ffe751e9000 	C:\WINDOWS\System32\msvcrt.dll
0x00007ffe62e70000 - 0x00007ffe62e8b000 	C:\Program Files\Java\jdk-24\bin\VCRUNTIME140.dll
0x00007ffe73e00000 - 0x00007ffe73e2f000 	C:\WINDOWS\System32\IMM32.DLL
0x00007ffe6f160000 - 0x00007ffe6f16c000 	C:\Program Files\Java\jdk-24\bin\vcruntime140_1.dll
0x00007ffe60b70000 - 0x00007ffe60bfe000 	C:\Program Files\Java\jdk-24\bin\msvcp140.dll
0x00007ffdfc5d0000 - 0x00007ffdfd372000 	C:\Program Files\Java\jdk-24\bin\server\jvm.dll
0x00007ffe73210000 - 0x00007ffe732c4000 	C:\WINDOWS\System32\ADVAPI32.dll
0x00007ffe74590000 - 0x00007ffe74636000 	C:\WINDOWS\System32\sechost.dll
0x00007ffe74fa0000 - 0x00007ffe750b8000 	C:\WINDOWS\System32\RPCRT4.dll
0x00007ffe750c0000 - 0x00007ffe75134000 	C:\WINDOWS\System32\WS2_32.dll
0x00007ffe72380000 - 0x00007ffe723de000 	C:\WINDOWS\SYSTEM32\POWRPROF.dll
0x00007ffe6a750000 - 0x00007ffe6a785000 	C:\WINDOWS\SYSTEM32\WINMM.dll
0x00007ffe62f90000 - 0x00007ffe62f9b000 	C:\WINDOWS\SYSTEM32\VERSION.dll
0x00007ffe72360000 - 0x00007ffe72374000 	C:\WINDOWS\SYSTEM32\UMPDC.dll
0x00007ffe712d0000 - 0x00007ffe712eb000 	C:\WINDOWS\SYSTEM32\kernel.appcore.dll
0x00007ffe6ccc0000 - 0x00007ffe6ccca000 	C:\Program Files\Java\jdk-24\bin\jimage.dll
0x00007ffe6fbb0000 - 0x00007ffe6fdf1000 	C:\WINDOWS\SYSTEM32\DBGHELP.DLL
0x00007ffe73a20000 - 0x00007ffe73da6000 	C:\WINDOWS\System32\combase.dll
0x00007ffe738b0000 - 0x00007ffe73990000 	C:\WINDOWS\System32\OLEAUT32.dll
0x00007ffe51d10000 - 0x00007ffe51d53000 	C:\WINDOWS\SYSTEM32\dbgcore.DLL
0x00007ffe72d90000 - 0x00007ffe72e29000 	C:\WINDOWS\System32\bcryptPrimitives.dll
0x00007ffe65ba0000 - 0x00007ffe65baf000 	C:\Program Files\Java\jdk-24\bin\instrument.dll
0x00007ffe61ed0000 - 0x00007ffe61eee000 	C:\Program Files\Java\jdk-24\bin\java.dll
0x00007ffe73700000 - 0x00007ffe7389e000 	C:\WINDOWS\System32\ole32.dll
0x00007ffe73e40000 - 0x00007ffe7458a000 	C:\WINDOWS\System32\SHELL32.dll
0x00007ffe72c10000 - 0x00007ffe72d84000 	C:\WINDOWS\System32\wintypes.dll
0x00007ffe619a0000 - 0x00007ffe619b7000 	C:\Program Files\Java\jdk-24\bin\zip.dll
0x00007ffe70150000 - 0x00007ffe709ab000 	C:\WINDOWS\SYSTEM32\windows.storage.dll
0x00007ffe74640000 - 0x00007ffe74735000 	C:\WINDOWS\System32\SHCORE.dll
0x00007ffe74810000 - 0x00007ffe7487a000 	C:\WINDOWS\System32\shlwapi.dll
0x00007ffe72440000 - 0x00007ffe7246f000 	C:\WINDOWS\SYSTEM32\profapi.dll
0x00007ffe3d0c0000 - 0x00007ffe3d197000 	C:\Program Files\Java\jdk-24\bin\jsvml.dll
0x00007ffe64190000 - 0x00007ffe641a0000 	C:\Program Files\Java\jdk-24\bin\net.dll
0x00007ffe71860000 - 0x00007ffe718ca000 	C:\WINDOWS\system32\mswsock.dll
0x00007ffe61540000 - 0x00007ffe61556000 	C:\Program Files\Java\jdk-24\bin\nio.dll
0x00007ffe61eb0000 - 0x00007ffe61eb9000 	C:\Program Files\Java\jdk-24\bin\extnet.dll
0x00007ffe71b10000 - 0x00007ffe71b2b000 	C:\WINDOWS\SYSTEM32\CRYPTSP.dll
0x00007ffe71230000 - 0x00007ffe7126b000 	C:\WINDOWS\system32\rsaenh.dll
0x00007ffe71900000 - 0x00007ffe7192b000 	C:\WINDOWS\SYSTEM32\USERENV.dll
0x00007ffe72410000 - 0x00007ffe72436000 	C:\WINDOWS\SYSTEM32\bcrypt.dll
0x00007ffe71b30000 - 0x00007ffe71b3c000 	C:\WINDOWS\SYSTEM32\CRYPTBASE.dll
0x00007ffe70d70000 - 0x00007ffe70da3000 	C:\WINDOWS\SYSTEM32\IPHLPAPI.DLL
0x00007ffe75290000 - 0x00007ffe7529a000 	C:\WINDOWS\System32\NSI.dll
0x00007ffe616c0000 - 0x00007ffe616d0000 	C:\Program Files\Java\jdk-24\bin\verify.dll
0x00007ffe70db0000 - 0x00007ffe70ed6000 	C:\WINDOWS\SYSTEM32\DNSAPI.dll
0x00007ffe63e30000 - 0x00007ffe63e3b000 	C:\Windows\System32\rasadhlp.dll
0x00007ffe6a040000 - 0x00007ffe6a0c6000 	C:\WINDOWS\System32\fwpuclnt.dll
0x00007ffe61420000 - 0x00007ffe6142a000 	C:\Program Files\Java\jdk-24\bin\management.dll
0x00007ffe610f0000 - 0x00007ffe610fb000 	C:\Program Files\Java\jdk-24\bin\management_ext.dll
0x00007ffe734b0000 - 0x00007ffe734b8000 	C:\WINDOWS\System32\PSAPI.DLL
0x00007ffe610e0000 - 0x00007ffe610ee000 	C:\Program Files\Java\jdk-24\bin\sunmscapi.dll
0x00007ffe72530000 - 0x00007ffe726a7000 	C:\WINDOWS\System32\CRYPT32.dll
0x00007ffe71d30000 - 0x00007ffe71d60000 	C:\WINDOWS\SYSTEM32\ncrypt.dll
0x00007ffe71ce0000 - 0x00007ffe71d1f000 	C:\WINDOWS\SYSTEM32\NTASN1.dll
0x00007ffe6f090000 - 0x00007ffe6f098000 	C:\WINDOWS\system32\wshunix.dll

JVMTI agents:
C:\Users\BADRIP~1\AppData\Local\Temp\captureAgent9jars\debugger-agent.jar path:C:\Program Files\Java\jdk-24\bin\instrument.dll, loaded, initialized, instrumentlib options:file:///C:/Users/BADRIP~1/AppData/Local/Temp/capture5991179467875109989.props
C:\Program Files\JetBrains\IntelliJ IDEA Community Edition 2025.1.3\lib\idea_rt.jar path:C:\Program Files\Java\jdk-24\bin\instrument.dll, loaded, initialized, instrumentlib options:60241

dbghelp: loaded successfully - version: 4.0.5 - missing functions: none
symbol engine: initialized successfully - sym options: 0x614 - pdb path: .;C:\Program Files\Java\jdk-24\bin;C:\WINDOWS\SYSTEM32;C:\WINDOWS\WinSxS\amd64_microsoft.windows.common-controls_6595b64144ccf1df_6.0.26100.4484_none_3e0e6d4ce32ef3b3;C:\Program Files\Java\jdk-24\bin\server

VM Arguments:
jvm_args: -javaagent:C:\Users\BADRIP~1\AppData\Local\Temp\captureAgent9jars\debugger-agent.jar=file:///C:/Users/BADRIP~1/AppData/Local/Temp/capture5991179467875109989.props -ea -Didea.test.cyclic.buffer.size=1048576 -javaagent:C:\Program Files\JetBrains\IntelliJ IDEA Community Edition 2025.1.3\lib\idea_rt.jar=60241 -Dkotlinx.coroutines.debug.enable.creation.stack.trace=false -Ddebugger.agent.enable.coroutines=true -Dkotlinx.coroutines.debug.enable.flows.stack.trace=true -Dkotlinx.coroutines.debug.enable.mutable.state.flows.stack.trace=true -Dfile.encoding=UTF-8 -Dsun.stdout.encoding=UTF-8 -Dsun.stderr.encoding=UTF-8 
java_command: com.intellij.rt.testng.RemoteTestNGStarter -usedefaultlisteners false -socket60240 @w@C:\Users\BADRIP~1\AppData\Local\Temp\idea_working_dirs_testng.tmp -temp C:\Users\BADRIP~1\AppData\Local\Temp\idea_testng.tmp
java_class_path (initial): C:\Program Files\JetBrains\IntelliJ IDEA Community Edition 2025.1.3\lib\idea_rt.jar;C:\Program Files\JetBrains\IntelliJ IDEA Community Edition 2025.1.3\plugins\testng\lib\testng-rt.jar;C:\Users\Badri Prasad\IdeaProjects\FisrtSeleniumproject\target\test-classes;C:\Users\Badri Prasad\IdeaProjects\FisrtSeleniumproject\target\classes;C:\Users\Badri Prasad\.m2\repository\org\seleniumhq\selenium\selenium-java\4.34.0\selenium-java-4.34.0.jar;C:\Users\Badri Prasad\.m2\repository\org\seleniumhq\selenium\selenium-api\4.34.0\selenium-api-4.34.0.jar;C:\Users\Badri Prasad\.m2\repository\org\jspecify\jspecify\1.0.0\jspecify-1.0.0.jar;C:\Users\Badri Prasad\.m2\repository\org\seleniumhq\selenium\selenium-chrome-driver\4.34.0\selenium-chrome-driver-4.34.0.jar;C:\Users\Badri Prasad\.m2\repository\com\google\auto\service\auto-service-annotations\1.1.1\auto-service-annotations-1.1.1.jar;C:\Users\Badri Prasad\.m2\repository\org\seleniumhq\selenium\selenium-chromium-driver\4.34.0\selenium-chromium-driver-4.34.0.jar;C:\Users\Badri Prasad\.m2\repository\org\seleniumhq\selenium\selenium-json\4.34.0\selenium-json-4.34.0.jar;C:\Users\Badri Prasad\.m2\repository\org\seleniumhq\selenium\selenium-manager\4.34.0\selenium-manager-4.34.0.jar;C:\Users\Badri Prasad\.m2\repository\org\seleniumhq\selenium\selenium-devtools-v136\4.34.0\selenium-devtools-v136-4.34.0.jar;C:\Users\Badri Prasad\.m2\repository\org\seleniumhq\selenium\selenium-devtools-v137\4.34.0\selenium-devtools-v137-4.34.0.jar;C:\Users\Badri Prasad\.m2\repository\org\seleniumhq\selenium\selenium-devtools-v138\4.34.0\selenium-devtools-v138-4.34.0.jar;C:\Users\Badri Prasad\.m2\repository\org\seleniumhq\selenium\selenium-edge-driver\4.34.0\selenium-edge-driver-4.34.0.jar;C:\Users\Badri Prasad\.m2\repository\org\seleniumhq\selenium\selenium-firefox-driver\4.34.0\selenium-firefox-driver-4.34.0.jar;C:\Users\Badri Prasad\.m2\repository\org\seleniumhq\selenium\selenium-http\4.34.0\selenium-http-4.34.0.jar;C:\Users\Badri Prasad\.m2\repository\org\seleniumhq\selenium\selenium-ie-driver\4.34.0\selenium-ie-driver-4.34.0.jar;C:\Users\Badri Prasad\.m2\repository\org\seleniumhq\selenium\selenium-remote-driver\4.34.0\selenium-remote-driver-4.34.0.jar;C:\Users\Badri Prasad\.m2\repository\com\google\guava\guava\33.4.8-jre\guava-33.4.8-jre.jar;C:\Users\Badri Prasad\.m2\repository\com\google\guava\failureaccess\1.0.3\failureaccess-1.0.3.jar;C:\Users\Badri Prasad\.m2\repository\com\google\guava\listenablefuture\9999.0-empty-to-avoid-conflict-with-guava\listenablefuture-9999.0-empty-to-avoid-conflict-with-guava.jar;C:\Users\Badri Prasad\.m2\repository\com\google\errorprone\error_prone_annotations\2.36.0\error_prone_annotations-2.36.0.jar;C:\Users\Badri Prasad\.m2\repository\com\google\j2objc\j2objc-annotations\3.0.0\j2objc-annotations-3.0.0.jar;C:\Users\Badri Prasad\.m2\repository\io\opentelemetry\opentelemetry-api\1.51.0\opentelemetry-api-1.51.0.jar;C:\Users\Badri Prasad\.m2\repository\io\opentelemetry\opentelemetry-context\1.51.0\opentelemetry-context-1.51.0.jar;C:\Users\Badri Prasad\.m2\repository\io\opentelemetry\opentelemetry-exporter-logging\1.51.0\opentelemetry-exporter-logging-1.51.0.jar;C:\Users\Badri Prasad\.m2\repository\io\opentelemetry\opentelemetry-sdk-common\1.51.0\opentelemetry-sdk-common-1.51.0.jar;C:\Users\Badri Prasad\.m2\repository\io\opentelemetry\opentelemetry-sdk-extension-autoconfigure-spi\1.51.0\opentelemetry-sdk-extension-autoconfigure-spi-1.51.0.jar;C:\Users\Badri Prasad\.m2\repository\io\opentelemetry\opentelemetry-sdk-extension-autoconfigure\1.51.0\opentelemetry-sdk-extension-autoconfigure-1.51.0.jar;C:\Users\Badri Prasad\.m2\repository\io\opentelemetry\opentelemetry-sdk-trace\1.51.0\opentelemetry-sdk-trace-1.51.0.jar;C:\Users\Badri Prasad\.m2\repository\io\opentelemetry\opentelemetry-sdk\1.51.0\opentelemetry-sdk-1.51.0.jar;C:\Users\Badri Prasad\.m2\repository\io\opentelemetry\opentelemetry-sdk-metrics\1.51.0\opentelemetry-sdk-metrics-1.51.0.jar;C:\Users\Badri Prasad\.m2\repository\io\opentelemetry\opentelemetry-sdk-logs\1.51.0\opentelemetry-sdk-logs-1.51.0.jar;C:\Users\Badri Prasad\.m2\repository\net\bytebuddy\byte-buddy\1.17.6\byte-buddy-1.17.6.jar;C:\Users\Badri Prasad\.m2\repository\org\seleniumhq\selenium\selenium-os\4.34.0\selenium-os-4.34.0.jar;C:\Users\Badri Prasad\.m2\repository\org\apache\commons\commons-exec\1.5.0\commons-exec-1.5.0.jar;C:\Users\Badri Prasad\.m2\repository\org\seleniumhq\selenium\selenium-safari-driver\4.34.0\selenium-safari-driver-4.34.0.jar;C:\Users\Badri Prasad\.m2\repository\org\seleniumhq\selenium\selenium-support\4.34.0\selenium-support-4.34.0.jar;C:\Users\Badri Prasad\.m2\repository\io\github\bonigarcia\webdrivermanager\5.5.0\webdrivermanager-5.5.0.jar;C:\Users\Badri Prasad\.m2\repository\org\slf4j\slf4j-api\2.0.7\slf4j-api-2.0.7.jar;C:\Users\Badri Prasad\.m2\repository\com\google\code\gson\gson\2.10.1\gson-2.10.1.jar;C:\Users\Badri Prasad\.m2\repository\com\github\docker-java\docker-java\3.3.3\docker-java-3.3.3.jar;C:\Users\Badri Prasad\.m2\repository\com\github\docker-java\docker-java-core\3.3.3\docker-java-core-3.3.3.jar;C:\Users\Badri Prasad\.m2\repository\com\github\docker-java\docker-java-api\3.3.3\docker-java-api-3.3.3.jar;C:\Users\Badri Prasad\.m2\repository\com\fasterxml\jackson\core\jackson-annotations\2.10.3\jackson-annotations-2.10.3.jar;C:\Users\Badri Prasad\.m2\repository\commons-io\commons-io\2.6\commons-io-2.6.jar;C:\Users\Badri Prasad\.m2\repository\org\apache\commons\commons-compress\1.21\commons-compress-1.21.jar;C:\Users\Badri Prasad\.m2\repository\com\fasterxml\jackson\core\jackson-databind\2.10.3\jackson-databind-2.10.3.jar;C:\Users\Badri Prasad\.m2\repository\com\fasterxml\jackson\core\jackson-core\2.10.3\jackson-core-2.10.3.jar;C:\Users\Badri Prasad\.m2\repository\org\bouncycastle\bcpkix-jdk18on\1.75\bcpkix-jdk18on-1.75.jar;C:\Users\Badri Prasad\.m2\repository\org\bouncycastle\bcprov-jdk18on\1.75\bcprov-jdk18on-1.75.jar;C:\Users\Badri Prasad\.m2\repository\org\bouncycastle\bcutil-jdk18on\1.75\bcutil-jdk18on-1.75.jar;C:\Users\Badri Prasad\.m2\repository\org\slf4j\jcl-over-slf4j\1.7.30\jcl-over-slf4j-1.7.30.jar;C:\Users\Badri Prasad\.m2\repository\com\github\docker-java\docker-java-transport-httpclient5\3.3.3\docker-java-transport-httpclient5-3.3.3.jar;C:\Users\Badri Prasad\.m2\repository\com\github\docker-java\docker-java-transport\3.3.3\docker-java-transport-3.3.3.jar;C:\Users\Badri Prasad\.m2\repository\net\java\dev\jna\jna\5.12.1\jna-5.12.1.jar;C:\Users\Badri Prasad\.m2\repository\org\brotli\dec\0.1.2\dec-0.1.2.jar;C:\Users\Badri Prasad\.m2\repository\org\apache\commons\commons-lang3\3.13.0\commons-lang3-3.13.0.jar;C:\Users\Badri Prasad\.m2\repository\org\apache\httpcomponents\client5\httpclient5\5.2.1\httpclient5-5.2.1.jar;C:\Users\Badri Prasad\.m2\repository\org\apache\httpcomponents\core5\httpcore5\5.2\httpcore5-5.2.jar;C:\Users\Badri Prasad\.m2\repository\org\apache\httpcomponents\core5\httpcore5-h2\5.2\httpcore5-h2-5.2.jar;C:\Users\Badri Prasad\.m2\repository\org\testng\testng\7.11.0\testng-7.11.0.jar;C:\Users\Badri Prasad\.m2\repository\org\jcommander\jcommander\1.83\jcommander-1.83.jar;C:\Users\Badri Prasad\.m2\repository\org\webjars\jquery\3.7.1\jquery-3.7.1.jar
Launcher Type: SUN_STANDARD

[Global flags]
     intx CICompilerCount                          = 3                                         {product} {ergonomic}
     uint ConcGCThreads                            = 1                                         {product} {ergonomic}
     uint G1ConcRefinementThreads                  = 4                                         {product} {ergonomic}
   size_t G1HeapRegionSize                         = 1048576                                   {product} {ergonomic}
   size_t InitialHeapSize                          = 130023424                                 {product} {ergonomic}
   size_t MarkStackSize                            = 4194304                                   {product} {ergonomic}
   size_t MarkStackSizeMax                         = 536870912                                 {product} {ergonomic}
   size_t MaxHeapSize                              = 2078277632                                {product} {ergonomic}
   size_t MaxNewSize                               = 1246756864                                {product} {ergonomic}
   size_t MinHeapDeltaBytes                        = 1048576                                   {product} {ergonomic}
   size_t MinHeapSize                              = 8388608                                   {product} {ergonomic}
    uintx NonNMethodCodeHeapSize                   = 5832704                                {pd product} {ergonomic}
    uintx NonProfiledCodeHeapSize                  = 122945536                              {pd product} {ergonomic}
    uintx ProfiledCodeHeapSize                     = 122880000                              {pd product} {ergonomic}
    uintx ReservedCodeCacheSize                    = 251658240                              {pd product} {ergonomic}
     bool SegmentedCodeCache                       = true                                      {product} {ergonomic}
   size_t SoftMaxHeapSize                          = 2078277632                             {manageable} {ergonomic}
     bool UseCompressedOops                        = true                           {product lp64_product} {ergonomic}
     bool UseG1GC                                  = true                                      {product} {ergonomic}
     bool UseLargePagesIndividualAllocation        = false                                  {pd product} {ergonomic}

Logging:
Log output configuration:
 #0: stdout all=warning uptime,level,tags foldmultilines=false
 #1: stderr all=off uptime,level,tags foldmultilines=false

Environment Variables:
JAVA_HOME=C:\Program Files\Java\jdk-24\jdk-24
PATH=C:\Program Files\Common Files\Oracle\Java\javapath;C:\Program Files (x86)\Common Files\Oracle\Java\java8path;C:\Program Files (x86)\Common Files\Oracle\Java\javapath;C:\ProgramData\chocolatey\bin;C:\Program Files\nodejs\node.exe;C:\npm-global;C:\Program Files\nodejs\;C:\Program Files\dotnet\;C:\Program Files\Microsoft SQL Server\150\Tools\Binn\;C:\apache-jmeter-5.6.3\bin;C:\Program Files\Java\jdk-24\jdk-24\bin;C:\WINDOWS\system32;C:\WINDOWS;C:\WINDOWS\System32\Wbem;C:\Program Files\Java\jdk-24\bin;C:\Users\Badri Prasad\AppData\Local\Microsoft\WindowsApps;C:\Program Files\JetBrains\IntelliJ IDEA Community Edition 2025.1.3\bin;;C:\Users\Badri Prasad\AppData\Roaming\npm;C:\Program Files\Java\jdk-24\jdk-24\bin;
USERNAME=Badri Prasad
OS=Windows_NT
PROCESSOR_IDENTIFIER=Intel64 Family 6 Model 140 Stepping 1, GenuineIntel
TMP=C:\Users\BADRIP~1\AppData\Local\Temp
TEMP=C:\Users\BADRIP~1\AppData\Local\Temp




Periodic native trim disabled

---------------  S Y S T E M  ---------------

OS:
 Windows 11 , 64 bit Build 26100 (10.0.26100.4484)
OS uptime: 11 days 19:58 hours
Hyper-V role detected

CPU: total 4 (initial active 4) (2 cores per cpu, 2 threads per core) family 6 model 140 stepping 1 microcode 0xbc, cx8, cmov, fxsr, ht, mmx, 3dnowpref, sse, sse2, sse3, ssse3, sse4.1, sse4.2, popcnt, lzcnt, tsc, tscinvbit, avx, avx2, aes, erms, clmul, bmi1, bmi2, adx, avx512f, avx512dq, avx512cd, avx512bw, avx512vl, sha, fma, vzeroupper, avx512_vpopcntdq, avx512_vpclmulqdq, avx512_vaes, avx512_vnni, clflush, clflushopt, clwb, avx512_vbmi2, avx512_vbmi, hv, rdtscp, rdpid, fsrm, gfni, avx512_bitalg, f16c, cet_ibt, cet_ss, avx512_ifma
Processor Information for the first 4 processors :
  Max Mhz: 2995, Current Mhz: 2995, Mhz Limit: 2995

Memory: 4k page, system-wide physical 7926M (521M free)
TotalPageFile size 32502M (AvailPageFile size 4M)
current process WorkingSet (physical memory assigned to process): 133M, peak: 175M
current process commit charge ("private bytes"): 195M, peak: 260M

vm_info: Java HotSpot(TM) 64-Bit Server VM (24.0.1+9-30) for windows-amd64 JRE (24.0.1+9-30), built on 2025-03-05T07:23:45Z with MS VC++ 17.6 (VS2022)

END.
